[26-01-22 14:16:49] [INFO] [DEBUG] onEnable start -> 1769091409500

[26-01-22 14:16:49] [INFO] Using Economy Provider: com.earth2me.essentials.economy.vault.VaultEconomyProvider
[26-01-22 14:16:49] [INFO] [DEBUG] Starting load of Config at 1769091409601
[26-01-22 14:16:49] [INFO] [DEBUG] Config has been loaded. (took 48ms)
[26-01-22 14:16:49] [INFO] [DEBUG] Starting load of CommandsConfig at 1769091409650
[26-01-22 14:16:49] [INFO] [DEBUG] CommandsConfig has been loaded. (took 1ms)
[26-01-22 14:16:49] [INFO] [DEBUG] Starting load of Lang at 1769091409651
[26-01-22 14:16:49] [INFO] [DEBUG] Lang has been loaded. (took 24ms)
[26-01-22 14:16:49] [INFO] [DEBUG] Starting load of UserManagerImpl at 1769091409675
[26-01-22 14:16:49] [INFO] [DEBUG] UserManagerImpl has been loaded. (took 1ms)
[26-01-22 14:16:49] [INFO] [DEBUG] Starting load of GuiListener at 1769091409676
[26-01-22 14:16:49] [INFO] [DEBUG] GuiListener has been loaded. (took 0ms)
[26-01-22 14:16:49] [INFO] [DEBUG] Starting load of PartyManagerImpl at 1769091409676
[26-01-22 14:16:49] [INFO] [DEBUG] PartyManagerImpl has been loaded. (took 0ms)
[26-01-22 14:16:49] [INFO] [DEBUG] Starting load of KitManagerImpl at 1769091409677
[26-01-22 14:16:49] [INFO] [DEBUG] KitManagerImpl has been loaded. (took 18ms)
[26-01-22 14:16:49] [INFO] [DEBUG] Starting load of ArenaManagerImpl at 1769091409695
[26-01-22 14:16:49] [INFO] [DEBUG] ArenaManagerImpl has been loaded. (took 1ms)
[26-01-22 14:16:49] [INFO] [DEBUG] Starting load of SettingsManager at 1769091409696
[26-01-22 14:16:49] [INFO] [DEBUG] SettingsManager has been loaded. (took 3ms)
[26-01-22 14:16:49] [INFO] [DEBUG] Starting load of PlayerInfoManager at 1769091409699
[26-01-22 14:16:49] [WARNING] PlayerInfoManager: Lobby location was not set, using world's spawn location as default. Use the command /duels setlobby in-game to set the lobby location.
[26-01-22 14:16:49] [WARNING] PlayerInfoManager: Lobby location was not set, using world's spawn location as default. Use the command /duels setlobby in-game to set the lobby location.
[26-01-22 14:16:49] [INFO] [DEBUG] PlayerInfoManager has been loaded. (took 2ms)
[26-01-22 14:16:49] [INFO] [DEBUG] Starting load of SpectateManagerImpl at 1769091409701
[26-01-22 14:16:49] [INFO] [DEBUG] SpectateManagerImpl has been loaded. (took 0ms)
[26-01-22 14:16:49] [INFO] [DEBUG] Starting load of BettingManager at 1769091409701
[26-01-22 14:16:49] [INFO] [DEBUG] BettingManager has been loaded. (took 1ms)
[26-01-22 14:16:49] [INFO] [DEBUG] Starting load of InventoryManager at 1769091409702
[26-01-22 14:16:49] [INFO] [DEBUG] InventoryManager has been loaded. (took 0ms)
[26-01-22 14:16:49] [INFO] [DEBUG] Starting load of DuelManager at 1769091409702
[26-01-22 14:16:49] [INFO] [DEBUG] DuelManager has been loaded. (took 0ms)
[26-01-22 14:16:49] [INFO] [DEBUG] Starting load of QueueManager at 1769091409702
[26-01-22 14:16:49] [INFO] [DEBUG] QueueManager has been loaded. (took 2ms)
[26-01-22 14:16:49] [INFO] [DEBUG] Starting load of QueueSignManagerImpl at 1769091409704
[26-01-22 14:16:49] [INFO] [DEBUG] QueueSignManagerImpl has been loaded. (took 1ms)
[26-01-22 14:16:49] [INFO] [DEBUG] Starting load of RequestManager at 1769091409705
[26-01-22 14:16:49] [INFO] [DEBUG] RequestManager has been loaded. (took 0ms)
[26-01-22 14:16:49] [INFO] [DEBUG] Starting load of ValidatorManager at 1769091409706
[26-01-22 14:16:49] [INFO] [DEBUG] ValidatorManager has been loaded. (took 13ms)
[26-01-22 14:16:49] [INFO] [DEBUG] Starting load of Teleport at 1769091409719
[26-01-22 14:16:49] [INFO] [DEBUG] Teleport has been loaded. (took 0ms)
[26-01-22 17:34:16] [INFO] [DEBUG] onEnable start -> 1769103256058

[26-01-22 17:34:16] [INFO] Using Economy Provider: com.earth2me.essentials.economy.vault.VaultEconomyProvider
[26-01-22 17:34:16] [INFO] [DEBUG] Starting load of Config at 1769103256129
[26-01-22 17:34:16] [INFO] [DEBUG] Config has been loaded. (took 89ms)
[26-01-22 17:34:16] [INFO] [DEBUG] Starting load of CommandsConfig at 1769103256218
[26-01-22 17:34:16] [INFO] [DEBUG] CommandsConfig has been loaded. (took 1ms)
[26-01-22 17:34:16] [INFO] [DEBUG] Starting load of Lang at 1769103256219
[26-01-22 17:34:16] [INFO] [DEBUG] Lang has been loaded. (took 15ms)
[26-01-22 17:34:16] [INFO] [DEBUG] Starting load of UserManagerImpl at 1769103256235
[26-01-22 17:34:16] [INFO] [DEBUG] UserManagerImpl has been loaded. (took 0ms)
[26-01-22 17:34:16] [INFO] [DEBUG] Starting load of GuiListener at 1769103256235
[26-01-22 17:34:16] [INFO] [DEBUG] GuiListener has been loaded. (took 0ms)
[26-01-22 17:34:16] [INFO] [DEBUG] Starting load of PartyManagerImpl at 1769103256235
[26-01-22 17:34:16] [INFO] [DEBUG] PartyManagerImpl has been loaded. (took 0ms)
[26-01-22 17:34:16] [INFO] [DEBUG] Starting load of KitManagerImpl at 1769103256235
[26-01-22 17:34:16] [INFO] [DEBUG] KitManagerImpl has been loaded. (took 14ms)
[26-01-22 17:34:16] [INFO] [DEBUG] Starting load of ArenaManagerImpl at 1769103256249
[26-01-22 17:34:16] [INFO] [DEBUG] ArenaManagerImpl has been loaded. (took 1ms)
[26-01-22 17:34:16] [INFO] [DEBUG] Starting load of SettingsManager at 1769103256251
[26-01-22 17:34:16] [INFO] [DEBUG] SettingsManager has been loaded. (took 0ms)
[26-01-22 17:34:16] [INFO] [DEBUG] Starting load of PlayerInfoManager at 1769103256251
[26-01-22 17:34:16] [WARNING] PlayerInfoManager: Lobby location was not set, using world's spawn location as default. Use the command /duels setlobby in-game to set the lobby location.
[26-01-22 17:34:16] [WARNING] PlayerInfoManager: Lobby location was not set, using world's spawn location as default. Use the command /duels setlobby in-game to set the lobby location.
[26-01-22 17:34:16] [INFO] [DEBUG] PlayerInfoManager has been loaded. (took 2ms)
[26-01-22 17:34:16] [INFO] [DEBUG] Starting load of SpectateManagerImpl at 1769103256253
[26-01-22 17:34:16] [INFO] [DEBUG] SpectateManagerImpl has been loaded. (took 0ms)
[26-01-22 17:34:16] [INFO] [DEBUG] Starting load of BettingManager at 1769103256253
[26-01-22 17:34:16] [INFO] [DEBUG] BettingManager has been loaded. (took 0ms)
[26-01-22 17:34:16] [INFO] [DEBUG] Starting load of InventoryManager at 1769103256253
[26-01-22 17:34:16] [INFO] [DEBUG] InventoryManager has been loaded. (took 0ms)
[26-01-22 17:34:16] [INFO] [DEBUG] Starting load of DuelManager at 1769103256253
[26-01-22 17:34:16] [INFO] [DEBUG] DuelManager has been loaded. (took 0ms)
[26-01-22 17:34:16] [INFO] [DEBUG] Starting load of QueueManager at 1769103256253
[26-01-22 17:34:16] [INFO] [DEBUG] QueueManager has been loaded. (took 1ms)
[26-01-22 17:34:16] [INFO] [DEBUG] Starting load of QueueSignManagerImpl at 1769103256254
[26-01-22 17:34:16] [INFO] [DEBUG] QueueSignManagerImpl has been loaded. (took 1ms)
[26-01-22 17:34:16] [INFO] [DEBUG] Starting load of RequestManager at 1769103256256
[26-01-22 17:34:16] [INFO] [DEBUG] RequestManager has been loaded. (took 0ms)
[26-01-22 17:34:16] [INFO] [DEBUG] Starting load of ValidatorManager at 1769103256256
[26-01-22 17:34:16] [INFO] [DEBUG] ValidatorManager has been loaded. (took 8ms)
[26-01-22 17:34:16] [INFO] [DEBUG] Starting load of Teleport at 1769103256264
[26-01-22 17:34:16] [INFO] [DEBUG] Teleport has been loaded. (took 1ms)
[26-01-22 17:58:43] [INFO] [DEBUG] onEnable start -> 1769104723376

[26-01-22 17:58:43] [INFO] Using Economy Provider: com.earth2me.essentials.economy.vault.VaultEconomyProvider
[26-01-22 17:58:43] [INFO] [DEBUG] Starting load of Config at 1769104723490
[26-01-22 17:58:43] [INFO] [DEBUG] Config has been loaded. (took 63ms)
[26-01-22 17:58:43] [INFO] [DEBUG] Starting load of CommandsConfig at 1769104723553
[26-01-22 17:58:43] [INFO] [DEBUG] CommandsConfig has been loaded. (took 1ms)
[26-01-22 17:58:43] [INFO] [DEBUG] Starting load of Lang at 1769104723554
[26-01-22 17:58:43] [INFO] [DEBUG] Lang has been loaded. (took 24ms)
[26-01-22 17:58:43] [INFO] [DEBUG] Starting load of UserManagerImpl at 1769104723579
[26-01-22 17:58:43] [INFO] [DEBUG] UserManagerImpl has been loaded. (took 0ms)
[26-01-22 17:58:43] [INFO] [DEBUG] Starting load of GuiListener at 1769104723579
[26-01-22 17:58:43] [INFO] [DEBUG] GuiListener has been loaded. (took 1ms)
[26-01-22 17:58:43] [INFO] [DEBUG] Starting load of PartyManagerImpl at 1769104723580
[26-01-22 17:58:43] [INFO] [DEBUG] PartyManagerImpl has been loaded. (took 0ms)
[26-01-22 17:58:43] [INFO] [DEBUG] Starting load of KitManagerImpl at 1769104723580
[26-01-22 17:58:43] [INFO] [DEBUG] KitManagerImpl has been loaded. (took 20ms)
[26-01-22 17:58:43] [INFO] [DEBUG] Starting load of ArenaManagerImpl at 1769104723600
[26-01-22 17:58:43] [INFO] [DEBUG] ArenaManagerImpl has been loaded. (took 2ms)
[26-01-22 17:58:43] [INFO] [DEBUG] Starting load of SettingsManager at 1769104723602
[26-01-22 17:58:43] [INFO] [DEBUG] SettingsManager has been loaded. (took 0ms)
[26-01-22 17:58:43] [INFO] [DEBUG] Starting load of PlayerInfoManager at 1769104723602
[26-01-22 17:58:43] [WARNING] PlayerInfoManager: Lobby location was not set, using world's spawn location as default. Use the command /duels setlobby in-game to set the lobby location.
[26-01-22 17:58:43] [WARNING] PlayerInfoManager: Lobby location was not set, using world's spawn location as default. Use the command /duels setlobby in-game to set the lobby location.
[26-01-22 17:58:43] [INFO] [DEBUG] PlayerInfoManager has been loaded. (took 1ms)
[26-01-22 17:58:43] [INFO] [DEBUG] Starting load of SpectateManagerImpl at 1769104723603
[26-01-22 17:58:43] [INFO] [DEBUG] SpectateManagerImpl has been loaded. (took 0ms)
[26-01-22 17:58:43] [INFO] [DEBUG] Starting load of BettingManager at 1769104723603
[26-01-22 17:58:43] [INFO] [DEBUG] BettingManager has been loaded. (took 0ms)
[26-01-22 17:58:43] [INFO] [DEBUG] Starting load of InventoryManager at 1769104723603
[26-01-22 17:58:43] [INFO] [DEBUG] InventoryManager has been loaded. (took 0ms)
[26-01-22 17:58:43] [INFO] [DEBUG] Starting load of DuelManager at 1769104723603
[26-01-22 17:58:43] [INFO] [DEBUG] DuelManager has been loaded. (took 0ms)
[26-01-22 17:58:43] [INFO] [DEBUG] Starting load of QueueManager at 1769104723603
[26-01-22 17:58:43] [INFO] [DEBUG] QueueManager has been loaded. (took 1ms)
[26-01-22 17:58:43] [INFO] [DEBUG] Starting load of QueueSignManagerImpl at 1769104723604
[26-01-22 17:58:43] [INFO] [DEBUG] QueueSignManagerImpl has been loaded. (took 1ms)
[26-01-22 17:58:43] [INFO] [DEBUG] Starting load of RequestManager at 1769104723605
[26-01-22 17:58:43] [INFO] [DEBUG] RequestManager has been loaded. (took 0ms)
[26-01-22 17:58:43] [INFO] [DEBUG] Starting load of ValidatorManager at 1769104723605
[26-01-22 17:58:43] [INFO] [DEBUG] ValidatorManager has been loaded. (took 10ms)
[26-01-22 17:58:43] [INFO] [DEBUG] Starting load of Teleport at 1769104723615
[26-01-22 17:58:43] [INFO] [DEBUG] Teleport has been loaded. (took 1ms)
