[17:15:26] [main/INFO] [com.velocitypowered.proxy.VelocityServer]: Booting up Velocity 3.4.0-SNAPSHOT (git-965db127-b454)...
[17:15:26] [main/INFO] [com.velocitypowered.proxy.VelocityServer]: Loading localizations...
[17:15:27] [main/INFO] [com.velocitypowered.proxy.network.ConnectionManager]: Connections will use epoll channels, libdeflate (Linux x86_64) compression, OpenSSL 3.x.x (Linux x86_64) ciphers
[17:15:27] [main/WARN] [com.velocitypowered.proxy.config.VelocityConfiguration]: The proxy is running in offline mode! This is a security risk and you will NOT receive any support!
[17:15:27] [main/WARN] [com.velocitypowered.proxy.config.VelocityConfiguration]: Player info forwarding is disabled! All players will appear to be connecting from the proxy and will have offline-mode UUIDs.
[17:15:27] [main/INFO] [com.velocitypowered.proxy.VelocityServer]: Loading plugins...
[17:15:28] [main/ERROR] [com.velocitypowered.proxy.console.VelocityConsole]: :>:>:>:>:>:>:>:>:>:>:>:>:>:>:>:>:>:>:>:>:>:>:>
[17:15:28] [main/ERROR] [com.velocitypowered.proxy.console.VelocityConsole]: :>  
[17:15:28] [main/ERROR] [com.velocitypowered.proxy.console.VelocityConsole]: :>      EAGLERCRAFTXVELOCITY WARNING:
[17:15:28] [main/ERROR] [com.velocitypowered.proxy.console.VelocityConsole]: :>  
[17:15:28] [main/ERROR] [com.velocitypowered.proxy.console.VelocityConsole]: :>  This plugin wasn't tested to be 'working'
[17:15:28] [main/ERROR] [com.velocitypowered.proxy.console.VelocityConsole]: :>  with ANY version of Velocity (and forks)
[17:15:28] [main/ERROR] [com.velocitypowered.proxy.console.VelocityConsole]: :>  apart from the versions listed below:
[17:15:28] [main/ERROR] [com.velocitypowered.proxy.console.VelocityConsole]: :>  
[17:15:28] [main/ERROR] [com.velocitypowered.proxy.console.VelocityConsole]: :>  - Velocity: 3.4.0-SNAPSHOT:a33f2d1a:b452
[17:15:28] [main/ERROR] [com.velocitypowered.proxy.console.VelocityConsole]: :>  
[17:15:28] [main/ERROR] [com.velocitypowered.proxy.console.VelocityConsole]: :>  This is not a Bukkit/Spigot plugin!
[17:15:28] [main/ERROR] [com.velocitypowered.proxy.console.VelocityConsole]: :>  
[17:15:28] [main/ERROR] [com.velocitypowered.proxy.console.VelocityConsole]: :>  Use "-Deaglerxvelocity.stfu=true" to hide
[17:15:28] [main/ERROR] [com.velocitypowered.proxy.console.VelocityConsole]: :>  
[17:15:28] [main/ERROR] [com.velocitypowered.proxy.console.VelocityConsole]: :>:>:>:>:>:>:>:>:>:>:>:>:>:>:>:>:>:>:>:>:>:>:>
[17:15:28] [main/INFO] [com.velocitypowered.proxy.plugin.VelocityPluginManager]: Loaded plugin eaglerxvelocity 1.1.5 by lax1dude, ayunami2000
[17:15:28] [main/INFO] [com.velocitypowered.proxy.plugin.VelocityPluginManager]: Loaded plugin minimotd-velocity 2.1.0 by jmp
[17:15:28] [main/INFO] [com.velocitypowered.proxy.VelocityServer]: Loaded 3 plugins
[17:15:28] [EaglercraftXVelocity - Task Executor #0/WARN] [eaglerxvelocity]: This plugin is still in development, certain features may not be functional!
[17:15:28] [EaglercraftXVelocity - Task Executor #0/WARN] [eaglerxvelocity]: Not recommended for public servers yet, please check for updates
[17:15:28] [EaglercraftXVelocity - Task Executor #0/INFO] [eaglerxvelocity]: Loading vanilla profile: lax1dude
[17:15:29] [Netty epoll Worker #1/INFO] [eaglerxvelocity]: Loaded vanilla profile: lax1dude
[17:15:29] [EaglercraftXVelocity - Task Executor #0/ERROR] [eaglerxvelocity]: Online mode is set to false! Authentication system has been disabled
[17:15:29] [Netty epoll Boss #0/INFO] [eaglerxvelocity]: Eaglercraft is listening on: /0.0.0.0:8081
[17:15:29] [EaglercraftXVelocity - Task Executor #0/INFO] [eaglerxvelocity]: Connected to database: jdbc:sqlite:eaglercraft_skins_cache.db
[17:15:29] [EaglercraftXVelocity - Task Executor #0/INFO] [eaglerxvelocity]: Voice chat disabled, add "allow_voice: true" to your listeners to enable
[17:15:29] [EaglerXVelocity: Update Service Tasks/INFO] [eaglerxvelocity]: Loaded certificate: /workspaces/EaglerServer-1.12/bungee/plugins/eaglerxvelocity/eagcert/$dl.34268c6e7b2a2336a2821b0171d290d6dd455cba.cert
[17:15:29] [Netty epoll Boss #1/INFO] [com.velocitypowered.proxy.network.ConnectionManager]: Listening on /[0:0:0:0:0:0:0:0]:25577
[17:15:29] [main/INFO] [com.velocitypowered.proxy.Velocity]: Done (3.74s)!
[17:18:52] [Netty epoll Worker #4/INFO] [eaglerxvelocity]: [/[0:0:0:0:0:0:0:1]:51722]: Connected via websocket
[17:18:52] [Netty epoll Worker #4/INFO] [eaglerxvelocity]: [/[0:0:0:0:0:0:0:1]:51722]: Origin header is https://localhost:8081
[17:18:52] [Netty epoll Worker #4/INFO] [eaglerxvelocity]: [connected player] ParrotX2 (/[0:0:0:0:0:0:0:1]:51722) has connected
[17:18:52] [Netty epoll Worker #4/INFO] [com.velocitypowered.proxy.connection.MinecraftConnection]: [server connection] ParrotX2 -> lobby has connected
[17:28:47] [Netty epoll Worker #4/INFO] [com.velocitypowered.proxy.connection.client.ConnectedPlayer]: [connected player] ParrotX2 (/[0:0:0:0:0:0:0:1]:51722): kicked from server lobby: 
[17:28:47] [Netty epoll Worker #4/INFO] [com.velocitypowered.proxy.connection.MinecraftConnection]: [server connection] ParrotX2 -> lobby has disconnected
[17:28:47] [Netty epoll Worker #4/INFO] [com.velocitypowered.proxy.connection.client.ConnectedPlayer]: [connected player] ParrotX2 (/[0:0:0:0:0:0:0:1]:51722) has disconnected: You were kicked from lobby: 
[17:29:05] [Netty epoll Worker #7/INFO] [eaglerxvelocity]: [/[0:0:0:0:0:0:0:1]:47100]: Connected via websocket
[17:29:05] [Netty epoll Worker #7/INFO] [eaglerxvelocity]: [/[0:0:0:0:0:0:0:1]:47100]: Origin header is null
[17:29:06] [Netty epoll Worker #7/INFO] [eaglerxvelocity]: [connected player] Wemmbu (/[0:0:0:0:0:0:0:1]:47100) has connected
[17:29:06] [Netty epoll Worker #7/INFO] [com.velocitypowered.proxy.connection.MinecraftConnection]: [server connection] Wemmbu -> lobby has connected
[17:36:49] [Netty epoll Worker #7/INFO] [com.velocitypowered.proxy.connection.MinecraftConnection]: [connected player] Wemmbu (/[0:0:0:0:0:0:0:1]:47100) has disconnected
[17:36:49] [Netty epoll Worker #7/INFO] [com.velocitypowered.proxy.connection.MinecraftConnection]: [server connection] Wemmbu -> lobby has disconnected
[17:37:07] [Netty epoll Worker #1/INFO] [eaglerxvelocity]: [/[0:0:0:0:0:0:0:1]:41360]: Connected via websocket
[17:37:07] [Netty epoll Worker #1/INFO] [eaglerxvelocity]: [/[0:0:0:0:0:0:0:1]:41360]: Origin header is null
[17:37:07] [Netty epoll Worker #1/INFO] [eaglerxvelocity]: [connected player] Wemmbu (/[0:0:0:0:0:0:0:1]:41360) has connected
[17:37:07] [Netty epoll Worker #1/INFO] [com.velocitypowered.proxy.connection.MinecraftConnection]: [server connection] Wemmbu -> lobby has connected
[17:37:23] [Netty epoll Worker #2/INFO] [eaglerxvelocity]: [/[0:0:0:0:0:0:0:1]:45598]: Connected via websocket
[17:37:23] [Netty epoll Worker #2/INFO] [eaglerxvelocity]: [/[0:0:0:0:0:0:0:1]:45598]: Origin header is https://localhost:8081
[17:37:23] [Netty epoll Worker #2/INFO] [eaglerxvelocity]: [connected player] ParrotX2 (/[0:0:0:0:0:0:0:1]:45598) has connected
[17:37:23] [Netty epoll Worker #2/INFO] [com.velocitypowered.proxy.connection.MinecraftConnection]: [server connection] ParrotX2 -> lobby has connected
[17:40:43] [Netty epoll Worker #1/INFO] [com.velocitypowered.proxy.connection.MinecraftConnection]: [connected player] Wemmbu (/[0:0:0:0:0:0:0:1]:41360) has disconnected
[17:40:43] [Netty epoll Worker #1/INFO] [com.velocitypowered.proxy.connection.MinecraftConnection]: [server connection] Wemmbu -> lobby has disconnected
[17:43:06] [Netty epoll Worker #2/INFO] [com.velocitypowered.proxy.connection.MinecraftConnection]: [connected player] ParrotX2 (/[0:0:0:0:0:0:0:1]:45598) has disconnected
[17:43:06] [Netty epoll Worker #2/INFO] [com.velocitypowered.proxy.connection.MinecraftConnection]: [server connection] ParrotX2 -> lobby has disconnected
[17:51:41] [Netty epoll Worker #5/INFO] [eaglerxvelocity]: [/[0:0:0:0:0:0:0:1]:36262]: Connected via websocket
[17:51:41] [Netty epoll Worker #5/INFO] [eaglerxvelocity]: [/[0:0:0:0:0:0:0:1]:36262]: Origin header is https://localhost:8081
[17:51:41] [Netty epoll Worker #5/INFO] [eaglerxvelocity]: [connected player] ParrotX2 (/[0:0:0:0:0:0:0:1]:36262) has connected
[17:51:41] [Netty epoll Worker #5/INFO] [com.velocitypowered.proxy.connection.MinecraftConnection]: [server connection] ParrotX2 -> lobby has connected
[17:52:01] [Netty epoll Worker #6/INFO] [eaglerxvelocity]: [/[0:0:0:0:0:0:0:1]:60548]: Connected via websocket
[17:52:01] [Netty epoll Worker #6/INFO] [eaglerxvelocity]: [/[0:0:0:0:0:0:0:1]:60548]: Origin header is null
[17:52:01] [Netty epoll Worker #6/INFO] [eaglerxvelocity]: [connected player] flamefrags (/[0:0:0:0:0:0:0:1]:60548) has connected
[17:52:01] [Netty epoll Worker #6/INFO] [com.velocitypowered.proxy.connection.MinecraftConnection]: [server connection] flamefrags -> lobby has connected
[17:55:06] [Netty epoll Worker #2/INFO] [eaglerxvelocity]: [/[0:0:0:0:0:0:0:1]:51860]: Connected via websocket
[17:55:06] [Netty epoll Worker #2/INFO] [eaglerxvelocity]: [/[0:0:0:0:0:0:0:1]:51860]: Origin header is null
[17:55:06] [Netty epoll Worker #2/INFO] [eaglerxvelocity]: [connected player] Wemmbu (/[0:0:0:0:0:0:0:1]:51860) has connected
[17:55:06] [Netty epoll Worker #2/INFO] [com.velocitypowered.proxy.connection.MinecraftConnection]: [server connection] Wemmbu -> lobby has connected
[17:56:27] [Netty epoll Worker #2/INFO] [com.velocitypowered.proxy.connection.client.ConnectedPlayer]: [connected player] Wemmbu (/[0:0:0:0:0:0:0:1]:51860) has disconnected: An internal error occurred in your connection.
[17:56:27] [Netty epoll Worker #2/ERROR] [com.velocitypowered.proxy.connection.MinecraftConnection]: [connected player] Wemmbu (/[0:0:0:0:0:0:0:1]:51860): read timed out
[17:56:27] [Netty epoll Worker #2/INFO] [com.velocitypowered.proxy.connection.MinecraftConnection]: [server connection] Wemmbu -> lobby has disconnected
[17:57:46] [Netty epoll Worker #4/INFO] [eaglerxvelocity]: [/[0:0:0:0:0:0:0:1]:39500]: Connected via websocket
[17:57:46] [Netty epoll Worker #4/INFO] [eaglerxvelocity]: [/[0:0:0:0:0:0:0:1]:39500]: Origin header is null
[17:57:46] [Netty epoll Worker #4/INFO] [eaglerxvelocity]: [connected player] Wemmbu (/[0:0:0:0:0:0:0:1]:39500) has connected
[17:57:46] [Netty epoll Worker #4/INFO] [com.velocitypowered.proxy.connection.MinecraftConnection]: [server connection] Wemmbu -> lobby has connected
[18:00:19] [Netty epoll Worker #4/INFO] [com.velocitypowered.proxy.connection.client.ConnectedPlayer]: [connected player] Wemmbu (/[0:0:0:0:0:0:0:1]:39500) has disconnected: An internal error occurred in your connection.
[18:00:19] [Netty epoll Worker #4/ERROR] [com.velocitypowered.proxy.connection.MinecraftConnection]: [connected player] Wemmbu (/[0:0:0:0:0:0:0:1]:39500): read timed out
[18:00:19] [Netty epoll Worker #4/INFO] [com.velocitypowered.proxy.connection.MinecraftConnection]: [server connection] Wemmbu -> lobby has disconnected
[18:00:26] [Netty epoll Worker #5/INFO] [eaglerxvelocity]: [/[0:0:0:0:0:0:0:1]:41908]: Connected via websocket
[18:00:26] [Netty epoll Worker #5/INFO] [eaglerxvelocity]: [/[0:0:0:0:0:0:0:1]:41908]: Origin header is null
[18:00:26] [Netty epoll Worker #5/INFO] [eaglerxvelocity]: [connected player] Wemmbu (/[0:0:0:0:0:0:0:1]:41908) has connected
[18:00:26] [Netty epoll Worker #5/INFO] [com.velocitypowered.proxy.connection.MinecraftConnection]: [server connection] Wemmbu -> lobby has connected
[18:01:39] [Netty epoll Worker #7/INFO] [eaglerxvelocity]: [/[0:0:0:0:0:0:0:1]:38882]: Connected via websocket
[18:01:39] [Netty epoll Worker #7/INFO] [eaglerxvelocity]: [/[0:0:0:0:0:0:0:1]:38882]: Origin header is null
[18:01:39] [Netty epoll Worker #7/INFO] [eaglerxvelocity]: [connected player] nick (/[0:0:0:0:0:0:0:1]:38882) has connected
[18:01:39] [Netty epoll Worker #7/INFO] [com.velocitypowered.proxy.connection.MinecraftConnection]: [server connection] nick -> lobby has connected
[18:06:31] [Netty epoll Worker #7/INFO] [com.velocitypowered.proxy.connection.MinecraftConnection]: [connected player] nick (/[0:0:0:0:0:0:0:1]:38882) has disconnected
[18:06:31] [Netty epoll Worker #7/INFO] [com.velocitypowered.proxy.connection.MinecraftConnection]: [server connection] nick -> lobby has disconnected
[18:06:31] [Netty epoll Worker #5/INFO] [com.velocitypowered.proxy.connection.MinecraftConnection]: [connected player] ParrotX2 (/[0:0:0:0:0:0:0:1]:36262) has disconnected
[18:06:31] [Netty epoll Worker #5/INFO] [com.velocitypowered.proxy.connection.MinecraftConnection]: [server connection] ParrotX2 -> lobby has disconnected
[18:06:34] [Netty epoll Worker #6/INFO] [com.velocitypowered.proxy.connection.MinecraftConnection]: [connected player] flamefrags (/[0:0:0:0:0:0:0:1]:60548) has disconnected
[18:06:34] [Netty epoll Worker #6/INFO] [com.velocitypowered.proxy.connection.MinecraftConnection]: [server connection] flamefrags -> lobby has disconnected
[18:06:55] [Netty epoll Worker #1/INFO] [eaglerxvelocity]: [/[0:0:0:0:0:0:0:1]:36630]: Connected via websocket
[18:06:55] [Netty epoll Worker #1/INFO] [eaglerxvelocity]: [/[0:0:0:0:0:0:0:1]:36630]: Origin header is null
[18:06:55] [Netty epoll Worker #1/INFO] [eaglerxvelocity]: [connected player] flamefrags (/[0:0:0:0:0:0:0:1]:36630) has connected
[18:06:55] [Netty epoll Worker #1/INFO] [com.velocitypowered.proxy.connection.MinecraftConnection]: [server connection] flamefrags -> lobby has connected
[18:24:00] [Netty epoll Worker #1/INFO] [com.velocitypowered.proxy.connection.MinecraftConnection]: [connected player] flamefrags (/[0:0:0:0:0:0:0:1]:36630) has disconnected
[18:24:00] [Netty epoll Worker #1/INFO] [com.velocitypowered.proxy.connection.MinecraftConnection]: [server connection] flamefrags -> lobby has disconnected
[18:29:55] [Netty epoll Worker #2/INFO] [eaglerxvelocity]: [/[0:0:0:0:0:0:0:1]:58632]: Connected via websocket
[18:29:55] [Netty epoll Worker #2/INFO] [eaglerxvelocity]: [/[0:0:0:0:0:0:0:1]:58632]: Origin header is https://localhost:8081
[18:29:56] [Netty epoll Worker #2/INFO] [eaglerxvelocity]: [connected player] ParrotX2 (/[0:0:0:0:0:0:0:1]:58632) has connected
[18:29:56] [Netty epoll Worker #2/INFO] [com.velocitypowered.proxy.connection.MinecraftConnection]: [server connection] ParrotX2 -> lobby has connected
[18:32:59] [Netty epoll Worker #5/INFO] [eaglerxvelocity]: [/[0:0:0:0:0:0:0:1]:42540]: Connected via websocket
[18:32:59] [Netty epoll Worker #5/INFO] [eaglerxvelocity]: [/[0:0:0:0:0:0:0:1]:42540]: Origin header is null
[18:32:59] [Netty epoll Worker #5/INFO] [eaglerxvelocity]: [connected player] Mapicc (/[0:0:0:0:0:0:0:1]:42540) has connected
[18:32:59] [Netty epoll Worker #5/INFO] [com.velocitypowered.proxy.connection.MinecraftConnection]: [server connection] Mapicc -> lobby has connected
[18:34:46] [Netty epoll Worker #0/INFO] [eaglerxvelocity]: [/[0:0:0:0:0:0:0:1]:36648]: Connected via websocket
[18:34:46] [Netty epoll Worker #0/INFO] [eaglerxvelocity]: [/[0:0:0:0:0:0:0:1]:36648]: Origin header is null
[18:34:46] [Netty epoll Worker #0/INFO] [eaglerxvelocity]: [connected player] flamefrags (/[0:0:0:0:0:0:0:1]:36648) has connected
[18:34:46] [Netty epoll Worker #0/INFO] [com.velocitypowered.proxy.connection.MinecraftConnection]: [server connection] flamefrags -> lobby has connected
[18:45:50] [Netty epoll Worker #0/INFO] [com.velocitypowered.proxy.connection.MinecraftConnection]: [connected player] flamefrags (/[0:0:0:0:0:0:0:1]:36648) has disconnected
[18:45:50] [Netty epoll Worker #0/INFO] [com.velocitypowered.proxy.connection.MinecraftConnection]: [server connection] flamefrags -> lobby has disconnected
[18:46:03] [Netty epoll Worker #2/INFO] [com.velocitypowered.proxy.connection.MinecraftConnection]: [connected player] ParrotX2 (/[0:0:0:0:0:0:0:1]:58632) has disconnected
[18:46:03] [Netty epoll Worker #2/INFO] [com.velocitypowered.proxy.connection.MinecraftConnection]: [server connection] ParrotX2 -> lobby has disconnected
[18:56:39] [Netty epoll Worker #1/INFO] [eaglerxvelocity]: [/[0:0:0:0:0:0:0:1]:54286]: Connected via websocket
[18:56:39] [Netty epoll Worker #1/INFO] [eaglerxvelocity]: [/[0:0:0:0:0:0:0:1]:54286]: Origin header is https://localhost:8081
[18:56:39] [Netty epoll Worker #1/INFO] [eaglerxvelocity]: [connected player] ParrotX2 (/[0:0:0:0:0:0:0:1]:54286) has connected
[18:56:39] [Netty epoll Worker #1/INFO] [com.velocitypowered.proxy.connection.MinecraftConnection]: [server connection] ParrotX2 -> lobby has connected
[19:00:35] [Netty epoll Worker #1/INFO] [com.velocitypowered.proxy.connection.MinecraftConnection]: [connected player] ParrotX2 (/[0:0:0:0:0:0:0:1]:54286) has disconnected
[19:00:35] [Netty epoll Worker #1/INFO] [com.velocitypowered.proxy.connection.MinecraftConnection]: [server connection] ParrotX2 -> lobby has disconnected
[19:11:33] [Netty epoll Worker #5/INFO] [com.velocitypowered.proxy.connection.client.ConnectedPlayer]: [connected player] Wemmbu (/[0:0:0:0:0:0:0:1]:41908) has disconnected: An internal error occurred in your connection.
[19:11:33] [Netty epoll Worker #5/ERROR] [com.velocitypowered.proxy.connection.MinecraftConnection]: [connected player] Wemmbu (/[0:0:0:0:0:0:0:1]:41908): read timed out
[19:11:33] [Netty epoll Worker #5/INFO] [com.velocitypowered.proxy.connection.MinecraftConnection]: [server connection] Wemmbu -> lobby has disconnected
[19:12:40] [Netty epoll Worker #5/INFO] [com.velocitypowered.proxy.connection.MinecraftConnection]: [connected player] Mapicc (/[0:0:0:0:0:0:0:1]:42540) has disconnected
[19:12:40] [Netty epoll Worker #5/INFO] [com.velocitypowered.proxy.connection.MinecraftConnection]: [server connection] Mapicc -> lobby has disconnected
